<?xml version="1.0" encoding="UTF-8"?>
<!-- Generated by org.testng.reporters.JUnitReportReporter -->
<testsuite skipped="0" hostname="DESKTOP-Q1GEO8P" name="bookFlights.Verify_FlightBooking_Functionality" tests="1" failures="0" timestamp="09 Jul 2019 22:43:15 GMT" time="72.585" errors="0">
  <testcase name="Validate_FlightBooking" time="72.585" classname="bookFlights.Verify_FlightBooking_Functionality"/>
</testsuite> <!-- bookFlights.Verify_FlightBooking_Functionality -->
